<?xml version="1.0" encoding="UTF-8"?>
<!-- Generated by org.testng.reporters.JUnitXMLReporter -->
<testsuite ignored="5" hostname="DESKTOP-MJL00VU" failures="0" tests="3" name="GRP-regression testing" time="0.115" errors="0" timestamp="2022-04-20T16:33:26 IST">
  <testcase classname="TestNG.TestNG.Group" name="pqr" time="0.015"/>
  <testcase classname="TestNG.TestNG.Demo4" name="testcasesa" time="0.0"/>
  <testcase classname="TestNG.TestNG.Demo4" name="testcasesp" time="0.0"/>
  <testcase classname="TestNG.TestNG.Group" name="abc" time="0.0">
    <ignored/>
  </testcase> <!-- abc -->
  <testcase classname="TestNG.TestNG.Demo4" name="testcasesm" time="0.0">
    <ignored/>
  </testcase> <!-- testcasesm -->
  <testcase classname="TestNG.TestNG.Group" name="xyz" time="0.0">
    <ignored/>
  </testcase> <!-- xyz -->
  <testcase classname="TestNG.TestNG.Demo4" name="testcasesz" time="0.0">
    <ignored/>
  </testcase> <!-- testcasesz -->
  <testcase classname="TestNG.TestNG.Demo4" name="testcasest" time="0.0">
    <ignored/>
  </testcase> <!-- testcasest -->
</testsuite> <!-- GRP-regression testing -->
