<?xml version="1.0" encoding="UTF-8"?>
<!-- Generated by org.testng.reporters.JUnitXMLReporter -->
<testsuite ignored="1" hostname="DESKTOP-MJL00VU" failures="0" tests="2" name="GRP-smoke testing" time="0.12" errors="0" timestamp="2022-04-20T16:18:12 IST">
  <testcase classname="TestNG.TestNG.Group" name="abc" time="0.016"/>
  <testcase classname="TestNG.TestNG.Group" name="xyz" time="0.0"/>
  <testcase classname="TestNG.TestNG.Group" name="pqr" time="0.0">
    <ignored/>
  </testcase> <!-- pqr -->
</testsuite> <!-- GRP-smoke testing -->
