<?xml version="1.0" encoding="UTF-8"?>
<!-- Generated by org.testng.reporters.JUnitXMLReporter -->
<testsuite ignored="0" hostname="DESKTOP-MJL00VU" failures="0" tests="4" name="Test" time="15.355" errors="0" timestamp="2022-04-20T23:29:48 IST">
  <testcase classname="TestNG.TestNG.Demo5" name="setup" time="8.487"/>
  <testcase classname="TestNG.TestNG.Demo5" name="loginfunctionality" time="5.966"/>
  <testcase classname="TestNG.TestNG.Demo5" name="verifytitle" time="0.038"/>
  <testcase classname="TestNG.TestNG.Demo5" name="tearDown" time="0.756"/>
</testsuite> <!-- Test -->
